[ 2025-01-28 23:44:20,061 ] 23 root - INFO - Entere data injestion method or object
[ 2025-01-28 23:44:20,179 ] 28 root - INFO - Read the specified dataset
[ 2025-01-28 23:44:20,180 ] 32 root - INFO - artifacts folder created
[ 2025-01-28 23:44:20,462 ] 36 root - INFO - Raw data is stored
[ 2025-01-28 23:44:20,782 ] 41 root - INFO - train test data is stored
[ 2025-01-28 23:44:20,894 ] 121 root - INFO - Read training and test data.
[ 2025-01-28 23:44:20,894 ] 110 root - INFO - Preprocessing pipeline created
[ 2025-01-28 23:44:20,894 ] 124 root - INFO - preprocessor object created
[ 2025-01-28 23:44:21,044 ] 131 root - INFO - Preprocessing is applied to train and test df
[ 2025-01-28 23:44:21,596 ] 139 root - INFO - Preprocessed array is stored in artifacts folder in .csv format
[ 2025-01-28 23:44:21,601 ] 29 root - INFO - Model  training has begun
[ 2025-01-28 23:44:21,602 ] 31 root - INFO - Enterted into evaluation util
[ 2025-01-28 23:45:53,518 ] 39 root - INFO - fitted to GridSearchCV
[ 2025-01-28 23:46:13,905 ] 50 root - INFO - generating models report
[ 2025-01-28 23:47:13,003 ] 39 root - INFO - fitted to GridSearchCV
[ 2025-01-28 23:47:35,722 ] 50 root - INFO - generating models report
[ 2025-01-28 23:53:29,856 ] 39 root - INFO - fitted to GridSearchCV
[ 2025-01-28 23:53:33,464 ] 50 root - INFO - generating models report
[ 2025-01-28 23:53:33,660 ] 39 root - INFO - fitted to GridSearchCV
[ 2025-01-28 23:53:33,673 ] 50 root - INFO - generating models report
[ 2025-01-28 23:55:11,226 ] 39 root - INFO - fitted to GridSearchCV
[ 2025-01-28 23:55:11,468 ] 50 root - INFO - generating models report
[ 2025-01-28 23:55:11,468 ] 81 root - INFO - evaluation completed
[ 2025-01-28 23:55:11,468 ] 85 root - INFO - Best model found for both training and test data name:Decision Tree
[ 2025-01-28 23:55:11,468 ] 86 root - INFO - -0.4346045249862809
[ 2025-01-28 23:55:11,522 ] 97 root - INFO - saving predicted values and r2 score
