[ 2025-01-28 00:28:41,599 ] 23 root - INFO - Entere data injestion method or object
[ 2025-01-28 00:28:41,683 ] 28 root - INFO - Read the specified dataset
[ 2025-01-28 00:28:41,684 ] 32 root - INFO - artifacts folder created
[ 2025-01-28 00:28:41,952 ] 36 root - INFO - Raw data is stored
[ 2025-01-28 00:28:42,233 ] 41 root - INFO - train test data is stored
[ 2025-01-28 00:28:42,351 ] 121 root - INFO - Read training and test data.
[ 2025-01-28 00:28:42,351 ] 110 root - INFO - Preprocessing pipeline created
[ 2025-01-28 00:28:42,351 ] 124 root - INFO - preprocessor object created
[ 2025-01-28 00:28:42,482 ] 131 root - INFO - Preprocessing is applied to train and test df
[ 2025-01-28 00:28:43,040 ] 139 root - INFO - Preprocessed array is stored in artifacts folder in .csv format
[ 2025-01-28 00:28:43,044 ] 29 root - INFO - Model  training has begun
[ 2025-01-28 00:28:43,045 ] 31 root - INFO - Enterted into evaluation util
[ 2025-01-28 00:30:06,365 ] 39 root - INFO - fitted to GridSearchCV
[ 2025-01-28 00:30:16,515 ] 50 root - INFO - generating models report
[ 2025-01-28 00:30:51,391 ] 39 root - INFO - fitted to GridSearchCV
[ 2025-01-28 00:30:51,516 ] 50 root - INFO - generating models report
[ 2025-01-28 00:36:52,772 ] 39 root - INFO - fitted to GridSearchCV
[ 2025-01-28 00:36:56,708 ] 50 root - INFO - generating models report
[ 2025-01-28 00:36:56,753 ] 39 root - INFO - fitted to GridSearchCV
[ 2025-01-28 00:36:56,766 ] 50 root - INFO - generating models report
[ 2025-01-28 00:38:29,960 ] 39 root - INFO - fitted to GridSearchCV
[ 2025-01-28 00:38:30,196 ] 50 root - INFO - generating models report
[ 2025-01-28 00:38:30,196 ] 81 root - INFO - evaluation completed
