[ 2025-01-28 00:57:20,774 ] 23 root - INFO - Entere data injestion method or object
[ 2025-01-28 00:57:20,862 ] 28 root - INFO - Read the specified dataset
[ 2025-01-28 00:57:20,863 ] 32 root - INFO - artifacts folder created
[ 2025-01-28 00:57:21,132 ] 36 root - INFO - Raw data is stored
[ 2025-01-28 00:57:21,411 ] 41 root - INFO - train test data is stored
[ 2025-01-28 00:57:21,524 ] 121 root - INFO - Read training and test data.
[ 2025-01-28 00:57:21,524 ] 110 root - INFO - Preprocessing pipeline created
[ 2025-01-28 00:57:21,524 ] 124 root - INFO - preprocessor object created
[ 2025-01-28 00:57:21,655 ] 131 root - INFO - Preprocessing is applied to train and test df
[ 2025-01-28 00:57:22,208 ] 139 root - INFO - Preprocessed array is stored in artifacts folder in .csv format
[ 2025-01-28 00:57:22,211 ] 29 root - INFO - Model  training has begun
[ 2025-01-28 00:57:22,211 ] 31 root - INFO - Enterted into evaluation util
[ 2025-01-28 00:58:53,931 ] 39 root - INFO - fitted to GridSearchCV
[ 2025-01-28 00:59:14,236 ] 50 root - INFO - generating models report
[ 2025-01-28 00:59:49,434 ] 39 root - INFO - fitted to GridSearchCV
[ 2025-01-28 00:59:49,577 ] 50 root - INFO - generating models report
[ 2025-01-28 01:05:51,120 ] 39 root - INFO - fitted to GridSearchCV
[ 2025-01-28 01:05:54,946 ] 50 root - INFO - generating models report
[ 2025-01-28 01:05:55,088 ] 39 root - INFO - fitted to GridSearchCV
[ 2025-01-28 01:05:55,132 ] 50 root - INFO - generating models report
[ 2025-01-28 01:07:34,981 ] 39 root - INFO - fitted to GridSearchCV
[ 2025-01-28 01:07:35,228 ] 50 root - INFO - generating models report
[ 2025-01-28 01:07:35,228 ] 81 root - INFO - evaluation completed
[ 2025-01-28 01:07:35,228 ] 85 root - INFO - Best model found for both training and test data name:Random Forest
[ 2025-01-28 01:07:35,228 ] 86 root - INFO - -0.6659438790770544
[ 2025-01-28 01:07:36,129 ] 96 root - INFO - saving predicted values and r2 score
